This is pdfTeX, Version 3.141592653-2.6-1.40.26 (MiKTeX 24.3.31) (preloaded format=pdflatex 2024.4.17)  7 MAY 2024 10:43
entering extended mode
 restricted \write18 enabled.
 %&-line parsing enabled.
**./main.tex
(main.tex
LaTeX2e <2023-11-01> patch level 1
L3 programming layer <2024-03-14>
(MastersDoctoralThesis.cls
Document Class: MastersDoctoralThesis 2017/08/27 v1.6 LaTeXTemplates.com
(C:\Users\Fassia\AppData\Local\Programs\MiKTeX\tex/latex/etoolbox\etoolbox.sty
Package: etoolbox 2020/10/05 v2.5k e-TeX tools for LaTeX (JAW)
\etb@tempcnta=\count188
)
(C:\Users\Fassia\AppData\Local\Programs\MiKTeX\tex/latex/l3packages/xparse\xpar
se.sty
(C:\Users\Fassia\AppData\Local\Programs\MiKTeX\tex/latex/l3kernel\expl3.sty
Package: expl3 2024-03-14 L3 programming layer (loader) 

(C:\Users\Fassia\AppData\Local\Programs\MiKTeX\tex/latex/l3backend\l3backend-pd
ftex.def
File: l3backend-pdftex.def 2024-03-14 L3 backend support: PDF output (pdfTeX)
\l__color_backend_stack_int=\count189
\l__pdf_internal_box=\box51
))
Package: xparse 2024-03-14 L3 Experimental document command parser
)
(C:\Users\Fassia\AppData\Local\Programs\MiKTeX\tex/latex/base\book.cls
Document Class: book 2023/05/17 v1.4n Standard LaTeX document class
(C:\Users\Fassia\AppData\Local\Programs\MiKTeX\tex/latex/base\bk12.clo
File: bk12.clo 2023/05/17 v1.4n Standard LaTeX file (size option)
)
\c@part=\count190
\c@chapter=\count191
\c@section=\count192
\c@subsection=\count193
\c@subsubsection=\count194
\c@paragraph=\count195
\c@subparagraph=\count196
\c@figure=\count197
\c@table=\count198
\abovecaptionskip=\skip48
\belowcaptionskip=\skip49
\bibindent=\dimen140
)
(C:\Users\Fassia\AppData\Local\Programs\MiKTeX\tex/generic/babel\babel.sty
Package: babel 2024/03/29 v24.3 The Babel package
\babel@savecnt=\count199
\U@D=\dimen141
\l@unhyphenated=\language79

(C:\Users\Fassia\AppData\Local\Programs\MiKTeX\tex/generic/babel\txtbabel.def)
\bbl@readstream=\read2
\bbl@dirlevel=\count266

*************************************
* Local config file bblopts.cfg used
*
(C:\Users\Fassia\AppData\Local\Programs\MiKTeX\tex/latex/arabi\bblopts.cfg
File: bblopts.cfg 2005/09/08 v0.1 add Arabic and Farsi to "declared" options of
 babel
)
(C:\Users\Fassia\AppData\Local\Programs\MiKTeX\tex/generic/babel-french\french.
ldf
Language: french 2024-02-29 v3.5s French support from the babel system
Package babel Info: Hyphen rules for 'acadian' set to \l@french
(babel)             (\language22). Reported on input line 91.
Package babel Info: Hyphen rules for 'canadien' set to \l@french
(babel)             (\language22). Reported on input line 92.
\FB@stdchar=\count267
Package babel Info: Making : an active character on input line 420.
Package babel Info: Making ; an active character on input line 421.
Package babel Info: Making ! an active character on input line 422.
Package babel Info: Making ? an active character on input line 423.
\FBguill@level=\count268
\FBold@everypar=\toks17
\FB@Mht=\dimen142
\mc@charclass=\count269
\mc@charfam=\count270
\mc@charslot=\count271
\std@mcc=\count272
\dec@mcc=\count273
\FB@parskip=\dimen143
\listindentFB=\dimen144
\descindentFB=\dimen145
\labelindentFB=\dimen146
\labelwidthFB=\dimen147
\leftmarginFB=\dimen148
\parindentFFN=\dimen149
\FBfnindent=\dimen150
))
(C:\Users\Fassia\AppData\Local\Programs\MiKTeX\tex/generic/babel/locale/fr\babe
l-french.tex
Package babel Info: Importing font and identification data for french
(babel)             from babel-fr.ini. Reported on input line 11.
)
(C:\Users\Fassia\AppData\Local\Programs\MiKTeX\tex/latex/carlisle\scalefnt.sty)
(C:\Users\Fassia\AppData\Local\Programs\MiKTeX\tex/latex/graphics\keyval.sty
Package: keyval 2022/05/29 v1.15 key=value parser (DPC)
\KV@toks@=\toks18
)
(C:\Users\Fassia\AppData\Local\Programs\MiKTeX\tex/latex/koma-script\scrbase.st
y
Package: scrbase 2023/07/07 v3.41 KOMA-Script package (KOMA-Script-independent 
basics and keyval usage)

(C:\Users\Fassia\AppData\Local\Programs\MiKTeX\tex/latex/koma-script\scrlfile.s
ty
Package: scrlfile 2023/07/07 v3.41 KOMA-Script package (file load hooks)

(C:\Users\Fassia\AppData\Local\Programs\MiKTeX\tex/latex/koma-script\scrlfile-h
ook.sty
Package: scrlfile-hook 2023/07/07 v3.41 KOMA-Script package (using LaTeX hooks)


(C:\Users\Fassia\AppData\Local\Programs\MiKTeX\tex/latex/koma-script\scrlogo.st
y
Package: scrlogo 2023/07/07 v3.41 KOMA-Script package (logo)
)))
Applying: [2021/05/01] Usage of raw or classic option list on input line 252.
Already applied: [0000/00/00] Usage of raw or classic option list on input line
 368.
)
(C:\Users\Fassia\AppData\Local\Programs\MiKTeX\tex/latex/koma-script\scrhack.st
y
Package: scrhack 2023/07/07 v3.41 KOMA-Script package (hacking other packages)

(C:\Users\Fassia\AppData\Local\Programs\MiKTeX\tex/latex/koma-script\scrkbase.s
ty
Package: scrkbase 2023/07/07 v3.41 KOMA-Script package (KOMA-Script-dependent b
asics and keyval usage)
) (C:\Users\Fassia\AppData\Local\Programs\MiKTeX\tex/latex/xpatch\xpatch.sty
Package: xpatch 2020/03/25 v0.3a Extending etoolbox patching commands
))
(C:\Users\Fassia\AppData\Local\Programs\MiKTeX\tex/latex/setspace\setspace.sty
Package: setspace 2022/12/04 v6.7b set line spacing
)
Package scrhack Info: loading setspace hack on input line 193.

(C:\Users\Fassia\AppData\Local\Programs\MiKTeX\tex/latex/koma-script\setspace.h
ak
File: setspace.hak 2023/07/07 v3.41 KOMA-Script scrhack part (hacking package s
etspace)
)
(C:\Users\Fassia\AppData\Local\Programs\MiKTeX\tex/latex/tools\longtable.sty
Package: longtable 2023-11-01 v4.19 Multi-page Table package (DPC)
\LTleft=\skip50
\LTright=\skip51
\LTpre=\skip52
\LTpost=\skip53
\LTchunksize=\count274
\LTcapwidth=\dimen151
\LT@head=\box52
\LT@firsthead=\box53
\LT@foot=\box54
\LT@lastfoot=\box55
\LT@gbox=\box56
\LT@cols=\count275
\LT@rows=\count276
\c@LT@tables=\count277
\c@LT@chunks=\count278
\LT@p@ftn=\toks19
)
(C:\Users\Fassia\AppData\Local\Programs\MiKTeX\tex/latex/siunitx\siunitx.sty
Package: siunitx 2024-02-15 v3.3.12 A comprehensive (SI) units package
\l__siunitx_number_uncert_offset_int=\count279
\l__siunitx_number_exponent_fixed_int=\count280
\l__siunitx_number_min_decimal_int=\count281
\l__siunitx_number_min_integer_int=\count282
\l__siunitx_number_round_precision_int=\count283
\l__siunitx_number_lower_threshold_int=\count284
\l__siunitx_number_upper_threshold_int=\count285
\l__siunitx_number_group_first_int=\count286
\l__siunitx_number_group_size_int=\count287
\l__siunitx_number_group_minimum_int=\count288
\l__siunitx_angle_tmp_dim=\dimen152
\l__siunitx_angle_marker_box=\box57
\l__siunitx_angle_unit_box=\box58
\l__siunitx_compound_count_int=\count289

(C:\Users\Fassia\AppData\Local\Programs\MiKTeX\tex/latex/translations\translati
ons.sty
Package: translations 2022/02/05 v1.12 internationalization of LaTeX2e packages
 (CN)

(C:\Users\Fassia\AppData\Local\Programs\MiKTeX\tex/generic/pdftexcmds\pdftexcmd
s.sty
Package: pdftexcmds 2020-06-27 v0.33 Utility functions of pdfTeX for LuaTeX (HO
)

(C:\Users\Fassia\AppData\Local\Programs\MiKTeX\tex/generic/infwarerr\infwarerr.
sty
Package: infwarerr 2019/12/03 v1.5 Providing info/warning/error messages (HO)
) (C:\Users\Fassia\AppData\Local\Programs\MiKTeX\tex/generic/iftex\iftex.sty
Package: iftex 2022/02/03 v1.0f TeX engine tests
)
(C:\Users\Fassia\AppData\Local\Programs\MiKTeX\tex/generic/ltxcmds\ltxcmds.sty
Package: ltxcmds 2023-12-04 v1.26 LaTeX kernel commands for general use (HO)
)
Package pdftexcmds Info: \pdf@primitive is available.
Package pdftexcmds Info: \pdf@ifprimitive is available.
Package pdftexcmds Info: \pdfdraftmode found.
)) (C:\Users\Fassia\AppData\Local\Programs\MiKTeX\tex/latex/amsmath\amstext.sty
Package: amstext 2021/08/26 v2.01 AMS text
(C:\Users\Fassia\AppData\Local\Programs\MiKTeX\tex/latex/amsmath\amsgen.sty
File: amsgen.sty 1999/11/30 v2.0 generic functions
\@emptytoks=\toks20
\ex@=\dimen153
))
\l__siunitx_table_tmp_box=\box59
\l__siunitx_table_tmp_dim=\dimen154
\l__siunitx_table_column_width_dim=\dimen155
\l__siunitx_table_integer_box=\box60
\l__siunitx_table_decimal_box=\box61
\l__siunitx_table_uncert_box=\box62
\l__siunitx_table_before_box=\box63
\l__siunitx_table_after_box=\box64
\l__siunitx_table_before_dim=\dimen156
\l__siunitx_table_carry_dim=\dimen157
\l__siunitx_unit_tmp_int=\count290
\l__siunitx_unit_position_int=\count291
\l__siunitx_unit_total_int=\count292

(C:\Users\Fassia\AppData\Local\Programs\MiKTeX\tex/latex/tools\array.sty
Package: array 2023/10/16 v2.5g Tabular extension package (FMi)
\col@sep=\dimen158
\ar@mcellbox=\box65
\extrarowheight=\dimen159
\NC@list=\toks21
\extratabsurround=\skip54
\backup@length=\skip55
\ar@cellbox=\box66
))
(C:\Users\Fassia\AppData\Local\Programs\MiKTeX\tex/latex/graphics\graphicx.sty
Package: graphicx 2021/09/16 v1.2d Enhanced LaTeX Graphics (DPC,SPQR)

(C:\Users\Fassia\AppData\Local\Programs\MiKTeX\tex/latex/graphics\graphics.sty
Package: graphics 2022/03/10 v1.4e Standard LaTeX Graphics (DPC,SPQR)

(C:\Users\Fassia\AppData\Local\Programs\MiKTeX\tex/latex/graphics\trig.sty
Package: trig 2021/08/11 v1.11 sin cos tan (DPC)
)
(C:\Users\Fassia\AppData\Local\Programs\MiKTeX\tex/latex/graphics-cfg\graphics.
cfg
File: graphics.cfg 2016/06/04 v1.11 sample graphics configuration
)
Package graphics Info: Driver file: pdftex.def on input line 107.

(C:\Users\Fassia\AppData\Local\Programs\MiKTeX\tex/latex/graphics-def\pdftex.de
f
File: pdftex.def 2022/09/22 v1.2b Graphics/color driver for pdftex
))
\Gin@req@height=\dimen160
\Gin@req@width=\dimen161
)
(C:\Users\Fassia\AppData\Local\Programs\MiKTeX\tex/latex/booktabs\booktabs.sty
Package: booktabs 2020/01/12 v1.61803398 Publication quality tables
\heavyrulewidth=\dimen162
\lightrulewidth=\dimen163
\cmidrulewidth=\dimen164
\belowrulesep=\dimen165
\belowbottomsep=\dimen166
\aboverulesep=\dimen167
\abovetopsep=\dimen168
\cmidrulesep=\dimen169
\cmidrulekern=\dimen170
\defaultaddspace=\dimen171
\@cmidla=\count293
\@cmidlb=\count294
\@aboverulesep=\dimen172
\@belowrulesep=\dimen173
\@thisruleclass=\count295
\@lastruleclass=\count296
\@thisrulewidth=\dimen174
) (C:\Users\Fassia\AppData\Local\Programs\MiKTeX\tex/latex/caption\caption.sty
Package: caption 2023/08/05 v3.6o Customizing captions (AR)

(C:\Users\Fassia\AppData\Local\Programs\MiKTeX\tex/latex/caption\caption3.sty
Package: caption3 2023/07/31 v2.4d caption3 kernel (AR)
\caption@tempdima=\dimen175
\captionmargin=\dimen176
\caption@leftmargin=\dimen177
\caption@rightmargin=\dimen178
\caption@width=\dimen179
\caption@indent=\dimen180
\caption@parindent=\dimen181
\caption@hangindent=\dimen182
Package caption Info: Standard document class detected.
Package caption Info: french babel package is loaded.
)
\c@caption@flags=\count297
\c@continuedfloat=\count298
Package caption Info: longtable package is loaded.

(C:\Users\Fassia\AppData\Local\Programs\MiKTeX\tex/latex/caption\ltcaption.sty
Package: ltcaption 2021/01/08 v1.4c longtable captions (AR)
)) (C:\Users\Fassia\AppData\Local\Programs\MiKTeX\tex/latex/xcolor\xcolor.sty
Package: xcolor 2023/11/15 v3.01 LaTeX color extensions (UK)

(C:\Users\Fassia\AppData\Local\Programs\MiKTeX\tex/latex/graphics-cfg\color.cfg
File: color.cfg 2016/01/02 v1.6 sample color configuration
)
Package xcolor Info: Driver file: pdftex.def on input line 274.

(C:\Users\Fassia\AppData\Local\Programs\MiKTeX\tex/latex/graphics\mathcolor.ltx
)
Package xcolor Info: Model `cmy' substituted by `cmy0' on input line 1350.
Package xcolor Info: Model `hsb' substituted by `rgb' on input line 1354.
Package xcolor Info: Model `RGB' extended on input line 1366.
Package xcolor Info: Model `HTML' substituted by `rgb' on input line 1368.
Package xcolor Info: Model `Hsb' substituted by `hsb' on input line 1369.
Package xcolor Info: Model `tHsb' substituted by `hsb' on input line 1370.
Package xcolor Info: Model `HSB' substituted by `hsb' on input line 1371.
Package xcolor Info: Model `Gray' substituted by `gray' on input line 1372.
Package xcolor Info: Model `wave' substituted by `hsb' on input line 1373.
)
(C:\Users\Fassia\AppData\Local\Programs\MiKTeX\tex/latex/geometry\geometry.sty
Package: geometry 2020/01/02 v5.9 Page Geometry

(C:\Users\Fassia\AppData\Local\Programs\MiKTeX\tex/generic/iftex\ifvtex.sty
Package: ifvtex 2019/10/25 v1.7 ifvtex legacy package. Use iftex instead.
)
\Gm@cnth=\count299
\Gm@cntv=\count300
\c@Gm@tempcnt=\count301
\Gm@bindingoffset=\dimen183
\Gm@wd@mp=\dimen184
\Gm@odd@mp=\dimen185
\Gm@even@mp=\dimen186
\Gm@layoutwidth=\dimen187
\Gm@layoutheight=\dimen188
\Gm@layouthoffset=\dimen189
\Gm@layoutvoffset=\dimen190
\Gm@dimlist=\toks22

(C:\Users\Fassia\AppData\Local\Programs\MiKTeX\tex/latex/geometry\geometry.cfg)
)
(C:\Users\Fassia\AppData\Local\Programs\MiKTeX\tex/latex/koma-script\scrlayer-s
crpage.sty
Package: scrlayer-scrpage 2023/07/07 v3.41 KOMA-Script package (end user interf
ace for scrlayer)

(C:\Users\Fassia\AppData\Local\Programs\MiKTeX\tex/latex/koma-script\scrlayer.s
ty
Package: scrlayer 2023/07/07 v3.41 KOMA-Script package (defining layers and pag
e styles)
\footheight=\skip56
Package scrlayer Info: patching LaTeX kernel macro \pagestyle on input line 218
3.
)
Package scrbase Info: Unknown processing state.
(scrbase)             Processing option `markcase=used'
(scrbase)             of member `.scrlayer-scrpage.sty' of family
(scrbase)             `KOMA' doesn't set
(scrbase)             a valid state. This will be interpreted
(scrbase)             as \FamilyKeyStateProcessed on input line 649.
)
1: chapter
1: chapter
1: section
)
(C:\Users\Fassia\AppData\Local\Programs\MiKTeX\tex/latex/hyperref\hyperref.sty
Package: hyperref 2024-01-20 v7.01h Hypertext links for LaTeX

(C:\Users\Fassia\AppData\Local\Programs\MiKTeX\tex/latex/kvsetkeys\kvsetkeys.st
y
Package: kvsetkeys 2022-10-05 v1.19 Key value parser (HO)
)
(C:\Users\Fassia\AppData\Local\Programs\MiKTeX\tex/generic/kvdefinekeys\kvdefin
ekeys.sty
Package: kvdefinekeys 2019-12-19 v1.6 Define keys (HO)
)
(C:\Users\Fassia\AppData\Local\Programs\MiKTeX\tex/generic/pdfescape\pdfescape.
sty
Package: pdfescape 2019/12/09 v1.15 Implements pdfTeX's escape features (HO)
)
(C:\Users\Fassia\AppData\Local\Programs\MiKTeX\tex/latex/hycolor\hycolor.sty
Package: hycolor 2020-01-27 v1.10 Color options for hyperref/bookmark (HO)
)
(C:\Users\Fassia\AppData\Local\Programs\MiKTeX\tex/latex/auxhook\auxhook.sty
Package: auxhook 2019-12-17 v1.6 Hooks for auxiliary files (HO)
)
(C:\Users\Fassia\AppData\Local\Programs\MiKTeX\tex/latex/hyperref\nameref.sty
Package: nameref 2023-11-26 v2.56 Cross-referencing by name of section

(C:\Users\Fassia\AppData\Local\Programs\MiKTeX\tex/latex/refcount\refcount.sty
Package: refcount 2019/12/15 v3.6 Data extraction from label references (HO)
)
(C:\Users\Fassia\AppData\Local\Programs\MiKTeX\tex/generic/gettitlestring\getti
tlestring.sty
Package: gettitlestring 2019/12/15 v1.6 Cleanup title references (HO)

(C:\Users\Fassia\AppData\Local\Programs\MiKTeX\tex/latex/kvoptions\kvoptions.st
y
Package: kvoptions 2022-06-15 v3.15 Key value format for package options (HO)
))
\c@section@level=\count302
)
\@linkdim=\dimen191
\Hy@linkcounter=\count303
\Hy@pagecounter=\count304

(C:\Users\Fassia\AppData\Local\Programs\MiKTeX\tex/latex/hyperref\pd1enc.def
File: pd1enc.def 2024-01-20 v7.01h Hyperref: PDFDocEncoding definition (HO)
Now handling font encoding PD1 ...
... no UTF-8 mapping file for font encoding PD1
)
(C:\Users\Fassia\AppData\Local\Programs\MiKTeX\tex/generic/intcalc\intcalc.sty
Package: intcalc 2019/12/15 v1.3 Expandable calculations with integers (HO)
)
\Hy@SavedSpaceFactor=\count305
(C:\Users\Fassia\AppData\Local\Programs\MiKTeX\tex/latex/hyperref\puenc.def
File: puenc.def 2024-01-20 v7.01h Hyperref: PDF Unicode definition (HO)
Now handling font encoding PU ...
... no UTF-8 mapping file for font encoding PU
)
Package hyperref Info: Hyper figures OFF on input line 4179.
Package hyperref Info: Link nesting OFF on input line 4184.
Package hyperref Info: Hyper index ON on input line 4187.
Package hyperref Info: Plain pages OFF on input line 4194.
Package hyperref Info: Backreferencing OFF on input line 4199.
Package hyperref Info: Implicit mode ON; LaTeX internals redefined.
Package hyperref Info: Bookmarks ON on input line 4446.
\c@Hy@tempcnt=\count306

(C:\Users\Fassia\AppData\Local\Programs\MiKTeX\tex/latex/url\url.sty
\Urlmuskip=\muskip16
Package: url 2013/09/16  ver 3.4  Verb mode for urls, etc.
)
LaTeX Info: Redefining \url on input line 4784.
\XeTeXLinkMargin=\dimen192

(C:\Users\Fassia\AppData\Local\Programs\MiKTeX\tex/generic/bitset\bitset.sty
Package: bitset 2019/12/09 v1.3 Handle bit-vector datatype (HO)

(C:\Users\Fassia\AppData\Local\Programs\MiKTeX\tex/generic/bigintcalc\bigintcal
c.sty
Package: bigintcalc 2019/12/15 v1.5 Expandable calculations on big integers (HO
)
))
\Fld@menulength=\count307
\Field@Width=\dimen193
\Fld@charsize=\dimen194
Package hyperref Info: Hyper figures OFF on input line 6063.
Package hyperref Info: Link nesting OFF on input line 6068.
Package hyperref Info: Hyper index ON on input line 6071.
Package hyperref Info: backreferencing OFF on input line 6078.
Package hyperref Info: Link coloring OFF on input line 6083.
Package hyperref Info: Link coloring with OCG OFF on input line 6088.
Package hyperref Info: PDF/A mode OFF on input line 6093.

(C:\Users\Fassia\AppData\Local\Programs\MiKTeX\tex/latex/base\atbegshi-ltx.sty
Package: atbegshi-ltx 2021/01/10 v1.0c Emulation of the original atbegshi
package with kernel methods
)
\Hy@abspage=\count308
\c@Item=\count309
\c@Hfootnote=\count310
)
Package scrhack Info: hyperref hack deactivated because of
(scrhack)             detection of hyperref version, that doesn't
(scrhack)             need that hack, on input line 23.
Package hyperref Info: Driver (autodetected): hpdftex.
 (C:\Users\Fassia\AppData\Local\Programs\MiKTeX\tex/latex/hyperref\hpdftex.def
File: hpdftex.def 2024-01-20 v7.01h Hyperref driver for pdfTeX

(C:\Users\Fassia\AppData\Local\Programs\MiKTeX\tex/latex/base\atveryend-ltx.sty
Package: atveryend-ltx 2020/08/19 v1.0a Emulation of the original atveryend pac
kage
with kernel methods
)
\Fld@listcount=\count311
\c@bookmark@seq@number=\count312

(C:\Users\Fassia\AppData\Local\Programs\MiKTeX\tex/latex/rerunfilecheck\rerunfi
lecheck.sty
Package: rerunfilecheck 2022-07-10 v1.10 Rerun checks for auxiliary files (HO)

(C:\Users\Fassia\AppData\Local\Programs\MiKTeX\tex/generic/uniquecounter\unique
counter.sty
Package: uniquecounter 2019/12/15 v1.4 Provide unlimited unique counter (HO)
)
Package uniquecounter Info: New unique counter `rerunfilecheck' on input line 2
85.
)
\Hy@SectionHShift=\skip57
)
Package hyperref Info: Option `colorlinks' set `true' on input line 29.

(C:\Users\Fassia\AppData\Local\Programs\MiKTeX\tex/latex/base\inputenc.sty
Package: inputenc 2021/02/14 v1.3d Input encoding file
\inpenc@prehook=\toks23
\inpenc@posthook=\toks24
)
(C:\Users\Fassia\AppData\Local\Programs\MiKTeX\tex/latex/base\fontenc.sty
Package: fontenc 2021/04/29 v2.0v Standard LaTeX package
)
(C:\Users\Fassia\AppData\Local\Programs\MiKTeX\tex/latex/psnfss\mathpazo.sty
Package: mathpazo 2020/03/25 PSNFSS-v9.3 Palatino w/ Pazo Math (D.Puga, WaS) 
\symupright=\mathgroup4
)
(C:\Users\Fassia\AppData\Local\Programs\MiKTeX\tex/latex/biblatex\biblatex.sty
Package: biblatex 2024/03/21 v3.20 programmable bibliographies (PK/MW)

(C:\Users\Fassia\AppData\Local\Programs\MiKTeX\tex/latex/logreq\logreq.sty
Package: logreq 2010/08/04 v1.0 xml request logger
\lrq@indent=\count313

(C:\Users\Fassia\AppData\Local\Programs\MiKTeX\tex/latex/logreq\logreq.def
File: logreq.def 2010/08/04 v1.0 logreq spec v1.0
))
(C:\Users\Fassia\AppData\Local\Programs\MiKTeX\tex/latex/base\ifthen.sty
Package: ifthen 2022/04/13 v1.1d Standard LaTeX ifthen package (DPC)
)
\c@tabx@nest=\count314
\c@listtotal=\count315
\c@listcount=\count316
\c@liststart=\count317
\c@liststop=\count318
\c@citecount=\count319
\c@citetotal=\count320
\c@multicitecount=\count321
\c@multicitetotal=\count322
\c@instcount=\count323
\c@maxnames=\count324
\c@minnames=\count325
\c@maxitems=\count326
\c@minitems=\count327
\c@citecounter=\count328
\c@maxcitecounter=\count329
\c@savedcitecounter=\count330
\c@uniquelist=\count331
\c@uniquename=\count332
\c@refsection=\count333
\c@refsegment=\count334
\c@maxextratitle=\count335
\c@maxextratitleyear=\count336
\c@maxextraname=\count337
\c@maxextradate=\count338
\c@maxextraalpha=\count339
\c@abbrvpenalty=\count340
\c@highnamepenalty=\count341
\c@lownamepenalty=\count342
\c@maxparens=\count343
\c@parenlevel=\count344
\blx@tempcnta=\count345
\blx@tempcntb=\count346
\blx@tempcntc=\count347
\c@blx@maxsection=\count348
\blx@maxsegment@0=\count349
\blx@notetype=\count350
\blx@parenlevel@text=\count351
\blx@parenlevel@foot=\count352
\blx@sectionciteorder@0=\count353
\blx@sectionciteorderinternal@0=\count354
\blx@entrysetcounter=\count355
\blx@biblioinstance=\count356
\labelnumberwidth=\skip58
\labelalphawidth=\skip59
\biblabelsep=\skip60
\bibitemsep=\skip61
\bibnamesep=\skip62
\bibinitsep=\skip63
\bibparsep=\skip64
\bibhang=\skip65
\blx@bcfin=\read3
\blx@bcfout=\write3
\blx@langwohyphens=\language80
\c@mincomprange=\count357
\c@maxcomprange=\count358
\c@mincompwidth=\count359
Package biblatex Info: Trying to load biblatex default data model...
Package biblatex Info: ... file 'blx-dm.def' found.

(C:\Users\Fassia\AppData\Local\Programs\MiKTeX\tex/latex/biblatex\blx-dm.def
File: blx-dm.def 2024/03/21 v3.20 biblatex datamodel (PK/MW)
)
Package biblatex Info: Trying to load biblatex style data model...
Package biblatex Info: ... file 'authoryear.dbx' not found.
Package biblatex Info: Trying to load biblatex custom data model...
Package biblatex Info: ... file 'biblatex-dm.cfg' not found.
\c@afterword=\count360
\c@savedafterword=\count361
\c@annotator=\count362
\c@savedannotator=\count363
\c@author=\count364
\c@savedauthor=\count365
\c@bookauthor=\count366
\c@savedbookauthor=\count367
\c@commentator=\count368
\c@savedcommentator=\count369
\c@editor=\count370
\c@savededitor=\count371
\c@editora=\count372
\c@savededitora=\count373
\c@editorb=\count374
\c@savededitorb=\count375
\c@editorc=\count376
\c@savededitorc=\count377
\c@foreword=\count378
\c@savedforeword=\count379
\c@holder=\count380
\c@savedholder=\count381
\c@introduction=\count382
\c@savedintroduction=\count383
\c@namea=\count384
\c@savednamea=\count385
\c@nameb=\count386
\c@savednameb=\count387
\c@namec=\count388
\c@savednamec=\count389
\c@translator=\count390
\c@savedtranslator=\count391
\c@shortauthor=\count392
\c@savedshortauthor=\count393
\c@shorteditor=\count394
\c@savedshorteditor=\count395
\c@labelname=\count396
\c@savedlabelname=\count397
\c@institution=\count398
\c@savedinstitution=\count399
\c@lista=\count400
\c@savedlista=\count401
\c@listb=\count402
\c@savedlistb=\count403
\c@listc=\count404
\c@savedlistc=\count405
\c@listd=\count406
\c@savedlistd=\count407
\c@liste=\count408
\c@savedliste=\count409
\c@listf=\count410
\c@savedlistf=\count411
\c@location=\count412
\c@savedlocation=\count413
\c@organization=\count414
\c@savedorganization=\count415
\c@origlocation=\count416
\c@savedoriglocation=\count417
\c@origpublisher=\count418
\c@savedorigpublisher=\count419
\c@publisher=\count420
\c@savedpublisher=\count421
\c@language=\count422
\c@savedlanguage=\count423
\c@origlanguage=\count424
\c@savedoriglanguage=\count425
\c@pageref=\count426
\c@savedpageref=\count427
\shorthandwidth=\skip66
\shortjournalwidth=\skip67
\shortserieswidth=\skip68
\shorttitlewidth=\skip69
\shortauthorwidth=\skip70
\shorteditorwidth=\skip71
\locallabelnumberwidth=\skip72
\locallabelalphawidth=\skip73
\localshorthandwidth=\skip74
\localshortjournalwidth=\skip75
\localshortserieswidth=\skip76
\localshorttitlewidth=\skip77
\localshortauthorwidth=\skip78
\localshorteditorwidth=\skip79
Package biblatex Info: Trying to load compatibility code...
Package biblatex Info: ... file 'blx-compat.def' found.

(C:\Users\Fassia\AppData\Local\Programs\MiKTeX\tex/latex/biblatex\blx-compat.de
f
File: blx-compat.def 2024/03/21 v3.20 biblatex compatibility (PK/MW)
)
Package biblatex Info: Trying to load BibTeX backend compatibility...
Package biblatex Info: ... file 'blx-bibtex.def' found.

(C:\Users\Fassia\AppData\Local\Programs\MiKTeX\tex/latex/biblatex\blx-bibtex.de
f
File: blx-bibtex.def 2024/03/21 v3.20 biblatex compatibility (PK/MW)


Package biblatex Warning: Using fall-back bibtex backend:
(biblatex)                functionality may be reduced/unavailable.

)
Package biblatex Info: Trying to load generic definitions...
Package biblatex Info: ... file 'biblatex.def' found.

(C:\Users\Fassia\AppData\Local\Programs\MiKTeX\tex/latex/biblatex\biblatex.def
File: biblatex.def 2024/03/21 v3.20 biblatex compatibility (PK/MW)
\c@textcitecount=\count428
\c@textcitetotal=\count429
\c@textcitemaxnames=\count430
\c@biburlbigbreakpenalty=\count431
\c@biburlbreakpenalty=\count432
\c@biburlnumpenalty=\count433
\c@biburlucpenalty=\count434
\c@biburllcpenalty=\count435
\biburlbigskip=\muskip17
\biburlnumskip=\muskip18
\biburlucskip=\muskip19
\biburllcskip=\muskip20
\c@smartand=\count436
)
Package biblatex Info: Trying to load natbib compatibility...
Package biblatex Info: ... file 'blx-natbib.def' found.

(C:\Users\Fassia\AppData\Local\Programs\MiKTeX\tex/latex/biblatex\blx-natbib.de
f
File: blx-natbib.def 2024/03/21 v3.20 biblatex compatibility (PK/MW)
Package biblatex Info: Delimiter 'nameyeardelim' in context '' already defined,
 overwriting.
)
Package biblatex Info: Trying to load bibliography style 'authoryear'...
Package biblatex Info: ... file 'authoryear.bbx' found.

(C:\Users\Fassia\AppData\Local\Programs\MiKTeX\tex/latex/biblatex/bbx\authoryea
r.bbx
File: authoryear.bbx 2024/03/21 v3.20 biblatex bibliography style (PK/MW)
Package biblatex Info: Trying to load bibliography style 'standard'...
Package biblatex Info: ... file 'standard.bbx' found.

(C:\Users\Fassia\AppData\Local\Programs\MiKTeX\tex/latex/biblatex/bbx\standard.
bbx
File: standard.bbx 2024/03/21 v3.20 biblatex bibliography style (PK/MW)
\c@bbx:relatedcount=\count437
\c@bbx:relatedtotal=\count438
))
Package biblatex Info: Trying to load citation style 'authoryear'...
Package biblatex Info: ... file 'authoryear.cbx' found.

(C:\Users\Fassia\AppData\Local\Programs\MiKTeX\tex/latex/biblatex/cbx\authoryea
r.cbx
File: authoryear.cbx 2024/03/21 v3.20 biblatex citation style (PK/MW)
Package biblatex Info: Redefining '\cite'.
Package biblatex Info: Redefining '\parencite'.
Package biblatex Info: Redefining '\footcite'.
Package biblatex Info: Redefining '\footcitetext'.
Package biblatex Info: Redefining '\smartcite'.
Package biblatex Info: Redefining '\textcite'.
Package biblatex Info: Redefining '\textcites'.
)
Package biblatex Info: Trying to load configuration file...
Package biblatex Info: ... file 'biblatex.cfg' found.

(C:\Users\Fassia\AppData\Local\Programs\MiKTeX\tex/latex/biblatex\biblatex.cfg
File: biblatex.cfg 
)
Package biblatex Info: Input encoding 'utf8' detected.
Package biblatex Info: Document encoding is UTF8 ....
Package biblatex Info: ... and expl3
(biblatex)             2024-03-14 L3 programming layer (loader) 
(biblatex)             is new enough (at least 2020/04/06),
(biblatex)             setting 'casechanger=expl3'.

(C:\Users\Fassia\AppData\Local\Programs\MiKTeX\tex/latex/biblatex\blx-case-expl
3.sty
Package: blx-case-expl3 2024/03/21 v3.20 expl3 case changing code for biblatex
))
(C:\Users\Fassia\AppData\Local\Programs\MiKTeX\tex/latex/csquotes\csquotes.sty
Package: csquotes 2024-04-04 v5.2o context-sensitive quotations (JAW)
\csq@reset=\count439
\csq@gtype=\count440
\csq@glevel=\count441
\csq@qlevel=\count442
\csq@maxlvl=\count443
\csq@tshold=\count444
\csq@ltx@everypar=\toks25

(C:\Users\Fassia\AppData\Local\Programs\MiKTeX\tex/latex/csquotes\csquotes.def
File: csquotes.def 2024-04-04 v5.2o csquotes generic definitions (JAW)
)
Package csquotes Info: Trying to load configuration file 'csquotes.cfg'...
Package csquotes Info: ... configuration file loaded successfully.
(C:\Users\Fassia\AppData\Local\Programs\MiKTeX\tex/latex/csquotes\csquotes.cfg
File: csquotes.cfg 
)
Package csquotes Info: Enabling multilingual quotes.
)
(C:\Users\Fassia\AppData\Local\Programs\MiKTeX\tex/latex/tcolorbox\tcolorbox.st
y
Package: tcolorbox 2024/01/10 version 6.2.0 text color boxes

(C:\Users\Fassia\AppData\Local\Programs\MiKTeX\tex/latex/pgf/basiclayer\pgf.sty

(C:\Users\Fassia\AppData\Local\Programs\MiKTeX\tex/latex/pgf/utilities\pgfrcs.s
ty
(C:\Users\Fassia\AppData\Local\Programs\MiKTeX\tex/generic/pgf/utilities\pgfuti
l-common.tex
\pgfutil@everybye=\toks26
\pgfutil@tempdima=\dimen195
\pgfutil@tempdimb=\dimen196
)
(C:\Users\Fassia\AppData\Local\Programs\MiKTeX\tex/generic/pgf/utilities\pgfuti
l-latex.def
\pgfutil@abb=\box67
)
(C:\Users\Fassia\AppData\Local\Programs\MiKTeX\tex/generic/pgf/utilities\pgfrcs
.code.tex
(C:\Users\Fassia\AppData\Local\Programs\MiKTeX\tex/generic/pgf\pgf.revision.tex
)
Package: pgfrcs 2023-01-15 v3.1.10 (3.1.10)
))
Package: pgf 2023-01-15 v3.1.10 (3.1.10)

(C:\Users\Fassia\AppData\Local\Programs\MiKTeX\tex/latex/pgf/basiclayer\pgfcore
.sty
(C:\Users\Fassia\AppData\Local\Programs\MiKTeX\tex/latex/pgf/systemlayer\pgfsys
.sty
(C:\Users\Fassia\AppData\Local\Programs\MiKTeX\tex/generic/pgf/systemlayer\pgfs
ys.code.tex
Package: pgfsys 2023-01-15 v3.1.10 (3.1.10)

(C:\Users\Fassia\AppData\Local\Programs\MiKTeX\tex/generic/pgf/utilities\pgfkey
s.code.tex
\pgfkeys@pathtoks=\toks27
\pgfkeys@temptoks=\toks28

(C:\Users\Fassia\AppData\Local\Programs\MiKTeX\tex/generic/pgf/utilities\pgfkey
slibraryfiltered.code.tex
\pgfkeys@tmptoks=\toks29
))
\pgf@x=\dimen197
\pgf@y=\dimen198
\pgf@xa=\dimen199
\pgf@ya=\dimen256
\pgf@xb=\dimen257
\pgf@yb=\dimen258
\pgf@xc=\dimen259
\pgf@yc=\dimen260
\pgf@xd=\dimen261
\pgf@yd=\dimen262
\w@pgf@writea=\write4
\r@pgf@reada=\read4
\c@pgf@counta=\count445
\c@pgf@countb=\count446
\c@pgf@countc=\count447
\c@pgf@countd=\count448
\t@pgf@toka=\toks30
\t@pgf@tokb=\toks31
\t@pgf@tokc=\toks32
\pgf@sys@id@count=\count449

(C:\Users\Fassia\AppData\Local\Programs\MiKTeX\tex/generic/pgf/systemlayer\pgf.
cfg
File: pgf.cfg 2023-01-15 v3.1.10 (3.1.10)
)
Driver file for pgf: pgfsys-pdftex.def

(C:\Users\Fassia\AppData\Local\Programs\MiKTeX\tex/generic/pgf/systemlayer\pgfs
ys-pdftex.def
File: pgfsys-pdftex.def 2023-01-15 v3.1.10 (3.1.10)

(C:\Users\Fassia\AppData\Local\Programs\MiKTeX\tex/generic/pgf/systemlayer\pgfs
ys-common-pdf.def
File: pgfsys-common-pdf.def 2023-01-15 v3.1.10 (3.1.10)
)))
(C:\Users\Fassia\AppData\Local\Programs\MiKTeX\tex/generic/pgf/systemlayer\pgfs
yssoftpath.code.tex
File: pgfsyssoftpath.code.tex 2023-01-15 v3.1.10 (3.1.10)
\pgfsyssoftpath@smallbuffer@items=\count450
\pgfsyssoftpath@bigbuffer@items=\count451
)
(C:\Users\Fassia\AppData\Local\Programs\MiKTeX\tex/generic/pgf/systemlayer\pgfs
ysprotocol.code.tex
File: pgfsysprotocol.code.tex 2023-01-15 v3.1.10 (3.1.10)
))
(C:\Users\Fassia\AppData\Local\Programs\MiKTeX\tex/generic/pgf/basiclayer\pgfco
re.code.tex
Package: pgfcore 2023-01-15 v3.1.10 (3.1.10)

(C:\Users\Fassia\AppData\Local\Programs\MiKTeX\tex/generic/pgf/math\pgfmath.cod
e.tex
(C:\Users\Fassia\AppData\Local\Programs\MiKTeX\tex/generic/pgf/math\pgfmathutil
.code.tex)
(C:\Users\Fassia\AppData\Local\Programs\MiKTeX\tex/generic/pgf/math\pgfmathpars
er.code.tex
\pgfmath@dimen=\dimen263
\pgfmath@count=\count452
\pgfmath@box=\box68
\pgfmath@toks=\toks33
\pgfmath@stack@operand=\toks34
\pgfmath@stack@operation=\toks35
)
(C:\Users\Fassia\AppData\Local\Programs\MiKTeX\tex/generic/pgf/math\pgfmathfunc
tions.code.tex)
(C:\Users\Fassia\AppData\Local\Programs\MiKTeX\tex/generic/pgf/math\pgfmathfunc
tions.basic.code.tex)
(C:\Users\Fassia\AppData\Local\Programs\MiKTeX\tex/generic/pgf/math\pgfmathfunc
tions.trigonometric.code.tex)
(C:\Users\Fassia\AppData\Local\Programs\MiKTeX\tex/generic/pgf/math\pgfmathfunc
tions.random.code.tex)
(C:\Users\Fassia\AppData\Local\Programs\MiKTeX\tex/generic/pgf/math\pgfmathfunc
tions.comparison.code.tex)
(C:\Users\Fassia\AppData\Local\Programs\MiKTeX\tex/generic/pgf/math\pgfmathfunc
tions.base.code.tex)
(C:\Users\Fassia\AppData\Local\Programs\MiKTeX\tex/generic/pgf/math\pgfmathfunc
tions.round.code.tex)
(C:\Users\Fassia\AppData\Local\Programs\MiKTeX\tex/generic/pgf/math\pgfmathfunc
tions.misc.code.tex)
(C:\Users\Fassia\AppData\Local\Programs\MiKTeX\tex/generic/pgf/math\pgfmathfunc
tions.integerarithmetics.code.tex)
(C:\Users\Fassia\AppData\Local\Programs\MiKTeX\tex/generic/pgf/math\pgfmathcalc
.code.tex)
(C:\Users\Fassia\AppData\Local\Programs\MiKTeX\tex/generic/pgf/math\pgfmathfloa
t.code.tex
\c@pgfmathroundto@lastzeros=\count453
))
(C:\Users\Fassia\AppData\Local\Programs\MiKTeX\tex/generic/pgf/math\pgfint.code
.tex)
(C:\Users\Fassia\AppData\Local\Programs\MiKTeX\tex/generic/pgf/basiclayer\pgfco
repoints.code.tex
File: pgfcorepoints.code.tex 2023-01-15 v3.1.10 (3.1.10)
\pgf@picminx=\dimen264
\pgf@picmaxx=\dimen265
\pgf@picminy=\dimen266
\pgf@picmaxy=\dimen267
\pgf@pathminx=\dimen268
\pgf@pathmaxx=\dimen269
\pgf@pathminy=\dimen270
\pgf@pathmaxy=\dimen271
\pgf@xx=\dimen272
\pgf@xy=\dimen273
\pgf@yx=\dimen274
\pgf@yy=\dimen275
\pgf@zx=\dimen276
\pgf@zy=\dimen277
)
(C:\Users\Fassia\AppData\Local\Programs\MiKTeX\tex/generic/pgf/basiclayer\pgfco
repathconstruct.code.tex
File: pgfcorepathconstruct.code.tex 2023-01-15 v3.1.10 (3.1.10)
\pgf@path@lastx=\dimen278
\pgf@path@lasty=\dimen279
)
(C:\Users\Fassia\AppData\Local\Programs\MiKTeX\tex/generic/pgf/basiclayer\pgfco
repathusage.code.tex
File: pgfcorepathusage.code.tex 2023-01-15 v3.1.10 (3.1.10)
\pgf@shorten@end@additional=\dimen280
\pgf@shorten@start@additional=\dimen281
)
(C:\Users\Fassia\AppData\Local\Programs\MiKTeX\tex/generic/pgf/basiclayer\pgfco
rescopes.code.tex
File: pgfcorescopes.code.tex 2023-01-15 v3.1.10 (3.1.10)
\pgfpic=\box69
\pgf@hbox=\box70
\pgf@layerbox@main=\box71
\pgf@picture@serial@count=\count454
)
(C:\Users\Fassia\AppData\Local\Programs\MiKTeX\tex/generic/pgf/basiclayer\pgfco
regraphicstate.code.tex
File: pgfcoregraphicstate.code.tex 2023-01-15 v3.1.10 (3.1.10)
\pgflinewidth=\dimen282
)
(C:\Users\Fassia\AppData\Local\Programs\MiKTeX\tex/generic/pgf/basiclayer\pgfco
retransformations.code.tex
File: pgfcoretransformations.code.tex 2023-01-15 v3.1.10 (3.1.10)
\pgf@pt@x=\dimen283
\pgf@pt@y=\dimen284
\pgf@pt@temp=\dimen285
)
(C:\Users\Fassia\AppData\Local\Programs\MiKTeX\tex/generic/pgf/basiclayer\pgfco
requick.code.tex
File: pgfcorequick.code.tex 2023-01-15 v3.1.10 (3.1.10)
)
(C:\Users\Fassia\AppData\Local\Programs\MiKTeX\tex/generic/pgf/basiclayer\pgfco
reobjects.code.tex
File: pgfcoreobjects.code.tex 2023-01-15 v3.1.10 (3.1.10)
)
(C:\Users\Fassia\AppData\Local\Programs\MiKTeX\tex/generic/pgf/basiclayer\pgfco
repathprocessing.code.tex
File: pgfcorepathprocessing.code.tex 2023-01-15 v3.1.10 (3.1.10)
)
(C:\Users\Fassia\AppData\Local\Programs\MiKTeX\tex/generic/pgf/basiclayer\pgfco
rearrows.code.tex
File: pgfcorearrows.code.tex 2023-01-15 v3.1.10 (3.1.10)
\pgfarrowsep=\dimen286
)
(C:\Users\Fassia\AppData\Local\Programs\MiKTeX\tex/generic/pgf/basiclayer\pgfco
reshade.code.tex
File: pgfcoreshade.code.tex 2023-01-15 v3.1.10 (3.1.10)
\pgf@max=\dimen287
\pgf@sys@shading@range@num=\count455
\pgf@shadingcount=\count456
)
(C:\Users\Fassia\AppData\Local\Programs\MiKTeX\tex/generic/pgf/basiclayer\pgfco
reimage.code.tex
File: pgfcoreimage.code.tex 2023-01-15 v3.1.10 (3.1.10)
)
(C:\Users\Fassia\AppData\Local\Programs\MiKTeX\tex/generic/pgf/basiclayer\pgfco
reexternal.code.tex
File: pgfcoreexternal.code.tex 2023-01-15 v3.1.10 (3.1.10)
\pgfexternal@startupbox=\box72
)
(C:\Users\Fassia\AppData\Local\Programs\MiKTeX\tex/generic/pgf/basiclayer\pgfco
relayers.code.tex
File: pgfcorelayers.code.tex 2023-01-15 v3.1.10 (3.1.10)
)
(C:\Users\Fassia\AppData\Local\Programs\MiKTeX\tex/generic/pgf/basiclayer\pgfco
retransparency.code.tex
File: pgfcoretransparency.code.tex 2023-01-15 v3.1.10 (3.1.10)
)
(C:\Users\Fassia\AppData\Local\Programs\MiKTeX\tex/generic/pgf/basiclayer\pgfco
repatterns.code.tex
File: pgfcorepatterns.code.tex 2023-01-15 v3.1.10 (3.1.10)
)
(C:\Users\Fassia\AppData\Local\Programs\MiKTeX\tex/generic/pgf/basiclayer\pgfco
rerdf.code.tex
File: pgfcorerdf.code.tex 2023-01-15 v3.1.10 (3.1.10)
)))
(C:\Users\Fassia\AppData\Local\Programs\MiKTeX\tex/generic/pgf/modules\pgfmodul
eshapes.code.tex
File: pgfmoduleshapes.code.tex 2023-01-15 v3.1.10 (3.1.10)
\pgfnodeparttextbox=\box73
)
(C:\Users\Fassia\AppData\Local\Programs\MiKTeX\tex/generic/pgf/modules\pgfmodul
eplot.code.tex
File: pgfmoduleplot.code.tex 2023-01-15 v3.1.10 (3.1.10)
)
(C:\Users\Fassia\AppData\Local\Programs\MiKTeX\tex/latex/pgf/compatibility\pgfc
omp-version-0-65.sty
Package: pgfcomp-version-0-65 2023-01-15 v3.1.10 (3.1.10)
\pgf@nodesepstart=\dimen288
\pgf@nodesepend=\dimen289
)
(C:\Users\Fassia\AppData\Local\Programs\MiKTeX\tex/latex/pgf/compatibility\pgfc
omp-version-1-18.sty
Package: pgfcomp-version-1-18 2023-01-15 v3.1.10 (3.1.10)
))
(C:\Users\Fassia\AppData\Local\Programs\MiKTeX\tex/latex/tools\verbatim.sty
Package: verbatim 2023-11-06 v1.5v LaTeX2e package for verbatim enhancements
\every@verbatim=\toks36
\verbatim@line=\toks37
\verbatim@in@stream=\read5
)
(C:\Users\Fassia\AppData\Local\Programs\MiKTeX\tex/latex/environ\environ.sty
Package: environ 2014/05/04 v0.3 A new way to define environments

(C:\Users\Fassia\AppData\Local\Programs\MiKTeX\tex/latex/trimspaces\trimspaces.
sty
Package: trimspaces 2009/09/17 v1.1 Trim spaces around a token list
)
\@envbody=\toks38
)
\tcb@titlebox=\box74
\tcb@upperbox=\box75
\tcb@lowerbox=\box76
\tcb@phantombox=\box77
\c@tcbbreakpart=\count457
\c@tcblayer=\count458
\c@tcolorbox@number=\count459
\l__tcobox_tmpa_box=\box78
\l__tcobox_tmpa_dim=\dimen290
\tcb@temp=\box79
\tcb@temp=\box80
\tcb@temp=\box81
\tcb@temp=\box82
)
Package hyperref Info: Option `bookmarksopen' set `true' on input line 84.
Package hyperref Info: Option `hypertexnames' set `false' on input line 84.
Package hyperref Info: Option `colorlinks' set `true' on input line 84.
Package hyperref Info: Option `unicode' set `true' on input line 84.
Package hyperref Info: Option `breaklinks' set `true' on input line 84.
Package csquotes Info: Checking for multilingual support...
Package csquotes Info: ... found 'babel' package.
LaTeX Font Info:    Trying to load font information for T1+ppl on input line 84
.
 (C:\Users\Fassia\AppData\Local\Programs\MiKTeX\tex/latex/psnfss\t1ppl.fd
File: t1ppl.fd 2001/06/04 font definitions for T1/ppl.
) (main.aux (introduction.aux) (Chapters/Chapter1.aux) (Chapters/Chapter2.aux))
\openout1 = `main.aux'.

LaTeX Font Info:    Checking defaults for OML/cmm/m/it on input line 84.
LaTeX Font Info:    ... okay on input line 84.
LaTeX Font Info:    Checking defaults for OMS/cmsy/m/n on input line 84.
LaTeX Font Info:    ... okay on input line 84.
LaTeX Font Info:    Checking defaults for OT1/cmr/m/n on input line 84.
LaTeX Font Info:    ... okay on input line 84.
LaTeX Font Info:    Checking defaults for T1/cmr/m/n on input line 84.
LaTeX Font Info:    ... okay on input line 84.
LaTeX Font Info:    Checking defaults for TS1/cmr/m/n on input line 84.
LaTeX Font Info:    ... okay on input line 84.
LaTeX Font Info:    Checking defaults for OMX/cmex/m/n on input line 84.
LaTeX Font Info:    ... okay on input line 84.
LaTeX Font Info:    Checking defaults for U/cmr/m/n on input line 84.
LaTeX Font Info:    ... okay on input line 84.
LaTeX Font Info:    Checking defaults for PD1/pdf/m/n on input line 84.
LaTeX Font Info:    ... okay on input line 84.
LaTeX Font Info:    Checking defaults for PU/pdf/m/n on input line 84.
LaTeX Font Info:    ... okay on input line 84.
LaTeX Info: Redefining \degres on input line 84.
LaTeX Info: Redefining \up on input line 84.

(C:\Users\Fassia\AppData\Local\Programs\MiKTeX\tex/latex/translations/dicts\tra
nslations-basic-dictionary-french.trsl
File: translations-basic-dictionary-french.trsl (french translation file `trans
lations-basic-dictionary')
)
Package translations Info: loading dictionary `translations-basic-dictionary' f
or `french'. on input line 84.

(C:\Users\Fassia\AppData\Local\Programs\MiKTeX\tex/context/base/mkii\supp-pdf.m
kii
[Loading MPS to PDF converter (version 2006.09.02).]
\scratchcounter=\count460
\scratchdimen=\dimen291
\scratchbox=\box83
\nofMPsegments=\count461
\nofMParguments=\count462
\everyMPshowfont=\toks39
\MPscratchCnt=\count463
\MPscratchDim=\dimen292
\MPnumerator=\count464
\makeMPintoPDFobject=\count465
\everyMPtoPDFconversion=\toks40
)
(C:\Users\Fassia\AppData\Local\Programs\MiKTeX\tex/latex/epstopdf-pkg\epstopdf-
base.sty
Package: epstopdf-base 2020-01-24 v2.11 Base part for package epstopdf
Package epstopdf-base Info: Redefining graphics rule for `.eps' on input line 4
85.

(C:\Users\Fassia\AppData\Local\Programs\MiKTeX\tex/latex/00miktex\epstopdf-sys.
cfg
File: epstopdf-sys.cfg 2021/03/18 v2.0 Configuration of epstopdf for MiKTeX
))
Package caption Info: Begin \AtBeginDocument code.
Package caption Info: hyperref package is loaded.
Package caption Info: End \AtBeginDocument code.

*geometry* driver: auto-detecting
*geometry* detected driver: pdftex
*geometry* verbose mode - [ preamble ] result:
* driver: pdftex
* paper: a4paper
* layout: <same size as paper>
* layoutoffset:(h,v)=(0.0pt,0.0pt)
* bindingoffset: 14.22636pt
* modes: includehead includefoot twoside 
* h-part:(L,W,R)=(71.13188pt, 441.01775pt, 71.13188pt)
* v-part:(T,H,B)=(42.67912pt, 759.6886pt, 42.67912pt)
* \paperwidth=597.50787pt
* \paperheight=845.04684pt
* \textwidth=441.01775pt
* \textheight=689.15318pt
* \oddsidemargin=13.08826pt
* \evensidemargin=-1.1381pt
* \topmargin=-29.59087pt
* \headheight=20.66162pt
* \headsep=19.8738pt
* \topskip=12.0pt
* \footskip=30.0pt
* \marginparwidth=98.0pt
* \marginparsep=7.0pt
* \columnsep=10.0pt
* \skip\footins=10.8pt plus 4.0pt minus 2.0pt
* \hoffset=0.0pt
* \voffset=0.0pt
* \mag=1000
* \@twocolumnfalse
* \@twosidetrue
* \@mparswitchtrue
* \@reversemarginfalse
* (1in=72.27pt=25.4mm, 1cm=28.453pt)

Package hyperref Info: Link coloring ON on input line 84.
(main.out) (main.out)
\@outlinefile=\write5
\openout5 = `main.out'.

\big@size=\dimen293
Package biblatex Info: Trying to load language 'french'...
Package biblatex Info: ... file 'french.lbx' found.

(C:\Users\Fassia\AppData\Local\Programs\MiKTeX\tex/latex/biblatex/lbx\french.lb
x
File: french.lbx 2024/03/21 v3.20 biblatex localization (PK/MW)
)
Package biblatex Info: Input encoding 'utf8' detected.
Package biblatex Info: Automatic encoding selection.
(biblatex)             Assuming data encoding 'utf8'.
Package biblatex Info: Input encoding 'utf8' detected.
Package biblatex Info: Data encoding 'utf8' specified.
(biblatex)             No need to reencode data.
\openout3 = `main-blx.bib'.

Package biblatex Info: Trying to load bibliographic data...
Package biblatex Info: ... file 'main.bbl' found.
 (main.bbl)
Package biblatex Info: Reference section=0 on input line 84.
Package biblatex Info: Reference segment=0 on input line 84.

1: section
(main.toc
LaTeX Font Info:    Trying to load font information for OT1+ppl on input line 4
.

(C:\Users\Fassia\AppData\Local\Programs\MiKTeX\tex/latex/psnfss\ot1ppl.fd
File: ot1ppl.fd 2001/06/04 font definitions for OT1/ppl.
)
LaTeX Font Info:    Trying to load font information for OML+zplm on input line 
4.

(C:\Users\Fassia\AppData\Local\Programs\MiKTeX\tex/latex/psnfss\omlzplm.fd
File: omlzplm.fd 2002/09/08 Fontinst v1.914 font definitions for OML/zplm.
)
LaTeX Font Info:    Trying to load font information for OMS+zplm on input line 
4.

(C:\Users\Fassia\AppData\Local\Programs\MiKTeX\tex/latex/psnfss\omszplm.fd
File: omszplm.fd 2002/09/08 Fontinst v1.914 font definitions for OMS/zplm.
)
LaTeX Font Info:    Trying to load font information for OMX+zplm on input line 
4.

(C:\Users\Fassia\AppData\Local\Programs\MiKTeX\tex/latex/psnfss\omxzplm.fd
File: omxzplm.fd 2002/09/08 Fontinst v1.914 font definitions for OMX/zplm.
)
LaTeX Font Info:    Trying to load font information for OT1+zplm on input line 
4.

(C:\Users\Fassia\AppData\Local\Programs\MiKTeX\tex/latex/psnfss\ot1zplm.fd
File: ot1zplm.fd 2002/09/08 Fontinst v1.914 font definitions for OT1/zplm.
))
\tf@toc=\write6
\openout6 = `main.toc'.


1: section
[1{C:/Users/Fassia/AppData/Local/MiKTeX/fonts/map/pdftex/pdftex.map}{C:/Users/F
assia/AppData/Local/Programs/MiKTeX/fonts/enc/dvips/base/8r.enc}



] [2

] (main.lof)
\tf@lof=\write7
\openout7 = `main.lof'.


1: section
[3] [4

]
\openout2 = `introduction.aux'.

 (introduction.tex)
1: section
[1


]
1: section
\openout2 = `Chapters/Chapter1.aux'.

(Chapters/Chapter1.tex [2




]
Chapitre 1.
1: section
[3]
Underfull \hbox (badness 10000) in paragraph at lines 34--35

 []

LaTeX Font Info:    Trying to load font information for TS1+ppl on input line 3
7.
(C:\Users\Fassia\AppData\Local\Programs\MiKTeX\tex/latex/psnfss\ts1ppl.fd
File: ts1ppl.fd 2001/06/04 font definitions for TS1/ppl.
)
Underfull \hbox (badness 10000) in paragraph at lines 36--37

 []


Underfull \hbox (badness 10000) in paragraph at lines 38--39

 []


Underfull \hbox (badness 10000) in paragraph at lines 40--41

 []


Underfull \hbox (badness 10000) in paragraph at lines 42--43

 []


Underfull \hbox (badness 10000) in paragraph at lines 44--45

 []


Overfull \hbox (4.45782pt too wide) in paragraph at lines 46--47
\T1/ppl/m/n/12 nÈ-ra-le-ment une meilleure qua-litÈ d'image, sur-tout dans des 
condi-tions d'Èclai-
 []


Underfull \hbox (badness 10000) in paragraph at lines 46--47

 []


Underfull \hbox (badness 10000) in paragraph at lines 53--55

 []

<image/pellicule.jpeg, id=132, 276.03125pt x 183.68625pt>
File: image/pellicule.jpeg Graphic file (type jpg)
<use image/pellicule.jpeg>
Package pdftex.def Info: image/pellicule.jpeg  used on input line 59.
(pdftex.def)             Requested size: 220.82529pt x 146.94917pt.

LaTeX Warning: `h' float specifier changed to `ht'.

[4]
Overfull \hbox (8.78967pt too wide) in paragraph at lines 69--70
\T1/ppl/m/n/12 amËnes ‡ ri-va-li-ser avec les ca-mÈ-ras pro-fes-sion-nels qui e
xiste sur le mar-chÈ.Elles
 []


Underfull \hbox (badness 10000) in paragraph at lines 69--70

 []


Underfull \hbox (badness 10000) in paragraph at lines 71--73

 []

<image/camescopes.png, id=142, 1167.36125pt x 352.31625pt>
File: image/camescopes.png Graphic file (type png)
<use image/camescopes.png>
Package pdftex.def Info: image/camescopes.png  used on input line 81.
(pdftex.def)             Requested size: 408.58257pt x 123.31253pt.
[5 <./image/pellicule.jpeg> <./image/camescopes.png>]
Underfull \hbox (badness 10000) in paragraph at lines 87--89

 []

<image/DSLR.png, id=150, 1150.2975pt x 369.38pt>
File: image/DSLR.png Graphic file (type png)
<use image/DSLR.png>
Package pdftex.def Info: image/DSLR.png  used on input line 96.
(pdftex.def)             Requested size: 402.61017pt x 129.28493pt.

Underfull \hbox (badness 10000) in paragraph at lines 103--105

 []

<image/prosommateur.png, id=151, 1161.33875pt x 374.39874pt>
File: image/prosommateur.png Graphic file (type png)
<use image/prosommateur.png>
Package pdftex.def Info: image/prosommateur.png  used on input line 113.
(pdftex.def)             Requested size: 348.40431pt x 112.32048pt.
[6 <./image/DSLR.png>]
Underfull \hbox (badness 10000) in paragraph at lines 119--121

 []

<image/professionnel.png, id=157, 1173.38374pt x 405.515pt>
File: image/professionnel.png Graphic file (type png)
<use image/professionnel.png>
Package pdftex.def Info: image/professionnel.png  used on input line 129.
(pdftex.def)             Requested size: 445.89046pt x 154.09729pt.

Overfull \hbox (4.87271pt too wide) in paragraph at lines 129--131
 [][] 
 []


Overfull \hbox (0.52646pt too wide) in paragraph at lines 135--138
\T1/ppl/m/n/12 ras pro-fes-sion-nelles. Les ob-jec-tifs sont in-ter-chan-geable
s, et sont ca-pables d'ex-
 []


Underfull \hbox (badness 10000) in paragraph at lines 135--138

 []

[7 <./image/prosommateur.png> <./image/professionnel.png>]
<image/super consentr√©.png, id=166, 1167.36125pt x 376.40625pt>
File: image/super consentr√©.png Graphic file (type png)
<use image/super consentr√©.png>
Package pdftex.def Info: image/super consentr√©.png  used on input line 146.
(pdftex.def)             Requested size: 443.60188pt x 143.03586pt.

Overfull \hbox (2.58414pt too wide) in paragraph at lines 146--148
 [][] 
 []


Underfull \hbox (badness 10000) in paragraph at lines 152--154

 []

<image/cam√©ras dedi√©.png, id=167, 687.31781pt x 192.72pt>
File: image/cam√©ras dedi√©.png Graphic file (type png)
<use image/cam√©ras dedi√©.png>
Package pdftex.def Info: image/cam√©ras dedi√©.png  used on input line 163.
(pdftex.def)             Requested size: 446.75128pt x 125.2665pt.

Overfull \hbox (5.73354pt too wide) in paragraph at lines 163--165
 [][] 
 []

[8 <./image/super consentr√©.png> <./image/cam√©ras dedi√©.png>]
Underfull \hbox (badness 10000) in paragraph at lines 180--181

 []


Underfull \hbox (badness 10000) in paragraph at lines 182--183

 []


Underfull \hbox (badness 10000) in paragraph at lines 185--186

 []


Underfull \hbox (badness 10000) in paragraph at lines 190--191

 []


Underfull \hbox (badness 10000) in paragraph at lines 193--194

 []

<image/illustration cam√©ras.png, id=174, 726.715pt x 145.54375pt>
File: image/illustration cam√©ras.png Graphic file (type png)
<use image/illustration cam√©ras.png>
Package pdftex.def Info: image/illustration cam√©ras.png  used on input line 20
4.
(pdftex.def)             Requested size: 363.3566pt x 72.77168pt.
<image/chambre-noire.jpg, id=176, 903.375pt x 451.6875pt>
File: image/chambre-noire.jpg Graphic file (type jpg)
<use image/chambre-noire.jpg>
Package pdftex.def Info: image/chambre-noire.jpg  used on input line 217.
(pdftex.def)             Requested size: 316.18599pt x 158.09299pt.

LaTeX Warning: `h' float specifier changed to `ht'.


Underfull \hbox (badness 10000) in paragraph at lines 223--225

 []

[9 <./image/illustration cam√©ras.png>]
<image/ModelStenope.png, id=184, 545.78906pt x 223.58531pt>
File: image/ModelStenope.png Graphic file (type png)
<use image/ModelStenope.png>
Package pdftex.def Info: image/ModelStenope.png  used on input line 237.
(pdftex.def)             Requested size: 382.04973pt x 156.50864pt.

Underfull \hbox (badness 10000) in paragraph at lines 244--245

 []


Underfull \hbox (badness 10000) in paragraph at lines 246--247

 []


Underfull \hbox (badness 10000) in paragraph at lines 249--250

 []

[10 <./image/chambre-noire.jpg> <./image/ModelStenope.png>]
Underfull \hbox (badness 10000) in paragraph at lines 251--253

 []


Underfull \hbox (badness 10000) in paragraph at lines 254--255

 []


Underfull \hbox (badness 10000) in paragraph at lines 256--258

 []


Underfull \hbox (badness 10000) in paragraph at lines 259--260

 []


Underfull \hbox (badness 10000) in paragraph at lines 270--271

 []


Underfull \hbox (badness 10000) in paragraph at lines 272--273

 []

[11]
Underfull \hbox (badness 10000) in paragraph at lines 274--275

 []


Underfull \hbox (badness 10000) in paragraph at lines 276--277

 []


Overfull \hbox (0.90877pt too wide) in paragraph at lines 278--279
[]\T1/ppl/m/n/12 Auto-calibrage. Les tech-niques de cette ca-tÈ-go-rie n'uti-li
sent au-cun ob-jet d'Èta-
 []


Underfull \hbox (badness 10000) in paragraph at lines 278--279

 []


Underfull \hbox (badness 10000) in paragraph at lines 285--288

 []


Underfull \hbox (badness 10000) in paragraph at lines 289--290

 []

[12]
Underfull \hbox (badness 10000) in paragraph at lines 292--293

 []


Underfull \hbox (badness 10000) in paragraph at lines 294--295

 []


Underfull \hbox (badness 10000) in paragraph at lines 296--297

 []

[13]) [14]
\openout2 = `Chapters/Chapter2.aux'.

 (Chapters/Chapter2.tex
Chapitre 2.

Overfull \hbox (40.88911pt too wide) in paragraph at lines 10--11
\T1/ppl/m/n/12 sures prÈ-cises. Ce ca-li-brage va nous per-mettre de conver-tir
 les co-or-don-nÈes d'images(pixels)
 []

)
1: section
[15




] [16



]
LaTeX Font Info:    Trying to load font information for T1+cmtt on input line 2
88.

(C:\Users\Fassia\AppData\Local\Programs\MiKTeX\tex/latex/base\t1cmtt.fd
File: t1cmtt.fd 2023/04/13 v2.5m Standard LaTeX font definitions
)
1: section
[17] (main.aux (introduction.aux) (Chapters/Chapter1.aux)
(Chapters/Chapter2.aux))
 ***********
LaTeX2e <2023-11-01> patch level 1
L3 programming layer <2020/03/25>
 ***********


LaTeX Warning: There were undefined references.


Package rerunfilecheck Warning: File `main.out' has changed.
(rerunfilecheck)                Rerun to get outlines right
(rerunfilecheck)                or use package `bookmark'.

Package rerunfilecheck Info: Checksums for `main.out':
(rerunfilecheck)             Before: DD1FD8A265E840B7158A57457997E1AE;2496
(rerunfilecheck)             After:  12FAF2698075CC3283DC844500AE6BAE;2607.

Package biblatex Warning: Please (re)run BibTeX on the file(s):
(biblatex)                main
(biblatex)                and rerun LaTeX afterwards.

Package logreq Info: Writing requests to 'main.run.xml'.
\openout1 = `main.run.xml'.

 ) 
Here is how much of TeX's memory you used:
 39166 strings out of 474424
 866967 string characters out of 5741267
 1941496 words of memory out of 5000000
 60946 multiletter control sequences out of 15000+600000
 587579 words of font info for 82 fonts, out of 8000000 for 9000
 1141 hyphenation exceptions out of 8191
 96i,19n,94p,1852b,1873s stack positions out of 10000i,1000n,20000p,200000b,200000s
 <C:\Users\Fassia\AppData\Local\MiKTeX\fonts/pk/ljfour/jknappen/ec/dpi600\ect
t1200.pk><C:/Users/Fassia/AppData/Local/Programs/MiKTeX/fonts/type1/urw/palatin
o/uplb8a.pfb><C:/Users/Fassia/AppData/Local/Programs/MiKTeX/fonts/type1/urw/pal
atino/uplr8a.pfb><C:/Users/Fassia/AppData/Local/Programs/MiKTeX/fonts/type1/urw
/palatino/uplr8a.pfb><C:/Users/Fassia/AppData/Local/Programs/MiKTeX/fonts/type1
/urw/palatino/uplri8a.pfb>
Output written on main.pdf (21 pages, 2466391 bytes).
PDF statistics:
 315 PDF objects out of 1000 (max. 8388607)
 54 named destinations out of 1000 (max. 500000)
 175 words of extra memory for PDF output out of 10000 (max. 10000000)

